[1.166s] DEBUG:colcon:Command line arguments: ['/usr/bin/colcon', 'build']
[1.167s] DEBUG:colcon:Parsed command line arguments: Namespace(log_base=None, log_level=None, verb_name='build', build_base='build', install_base='install', merge_install=False, symlink_install=False, test_result_base=None, continue_on_error=False, executor='parallel', parallel_workers=8, event_handlers=None, ignore_user_meta=False, metas=['./colcon.meta'], base_paths=['.'], packages_ignore=None, packages_ignore_regex=None, paths=None, packages_up_to=None, packages_up_to_regex=None, packages_above=None, packages_above_and_dependencies=None, packages_above_depth=None, packages_select_by_dep=None, packages_skip_by_dep=None, packages_skip_up_to=None, packages_select_build_failed=False, packages_skip_build_finished=False, packages_select_test_failures=False, packages_skip_test_passed=False, packages_select=None, packages_skip=None, packages_select_regex=None, packages_skip_regex=None, packages_start=None, packages_end=None, allow_overriding=[], cmake_args=None, cmake_target=None, cmake_target_skip_unavailable=False, cmake_clean_cache=False, cmake_clean_first=False, cmake_force_configure=False, ament_cmake_args=None, catkin_cmake_args=None, catkin_skip_building_tests=False, verb_parser=<colcon_defaults.argument_parser.defaults.DefaultArgumentsDecorator object at 0x7fd6503639d0>, verb_extension=<colcon_core.verb.build.BuildVerb object at 0x7fd6504d55a0>, main=<bound method BuildVerb.main of <colcon_core.verb.build.BuildVerb object at 0x7fd6504d55a0>>)
[1.420s] Level 1:colcon.colcon_core.package_discovery:discover_packages(colcon_meta) check parameters
[1.420s] Level 1:colcon.colcon_core.package_discovery:discover_packages(recursive) check parameters
[1.420s] Level 1:colcon.colcon_core.package_discovery:discover_packages(ignore) check parameters
[1.420s] Level 1:colcon.colcon_core.package_discovery:discover_packages(path) check parameters
[1.420s] Level 1:colcon.colcon_core.package_discovery:discover_packages(colcon_meta) discover
[1.421s] Level 1:colcon.colcon_core.package_discovery:discover_packages(recursive) discover
[1.421s] INFO:colcon.colcon_core.package_discovery:Crawling recursively for packages in '/home/sergio/taller_2_grupo_11'
[1.421s] Level 1:colcon.colcon_core.package_identification:_identify(.) by extensions ['ignore', 'ignore_ament_install']
[1.421s] Level 1:colcon.colcon_core.package_identification:_identify(.) by extension 'ignore'
[1.422s] Level 1:colcon.colcon_core.package_identification:_identify(.) by extension 'ignore_ament_install'
[1.422s] Level 1:colcon.colcon_core.package_identification:_identify(.) by extensions ['colcon_pkg']
[1.422s] Level 1:colcon.colcon_core.package_identification:_identify(.) by extension 'colcon_pkg'
[1.422s] Level 1:colcon.colcon_core.package_identification:_identify(.) by extensions ['colcon_meta']
[1.422s] Level 1:colcon.colcon_core.package_identification:_identify(.) by extension 'colcon_meta'
[1.422s] Level 1:colcon.colcon_core.package_identification:_identify(.) by extensions ['ros']
[1.422s] Level 1:colcon.colcon_core.package_identification:_identify(.) by extension 'ros'
[1.437s] Level 1:colcon.colcon_core.package_identification:_identify(.) by extensions ['cmake', 'python']
[1.437s] Level 1:colcon.colcon_core.package_identification:_identify(.) by extension 'cmake'
[1.437s] Level 1:colcon.colcon_core.package_identification:_identify(.) by extension 'python'
[1.437s] Level 1:colcon.colcon_core.package_identification:_identify(.) by extensions ['python_setup_py']
[1.437s] Level 1:colcon.colcon_core.package_identification:_identify(.) by extension 'python_setup_py'
[1.437s] Level 1:colcon.colcon_core.package_identification:_identify(build) by extensions ['ignore', 'ignore_ament_install']
[1.437s] Level 1:colcon.colcon_core.package_identification:_identify(build) by extension 'ignore'
[1.438s] Level 1:colcon.colcon_core.package_identification:_identify(build) ignored
[1.438s] Level 1:colcon.colcon_core.package_identification:_identify(install) by extensions ['ignore', 'ignore_ament_install']
[1.438s] Level 1:colcon.colcon_core.package_identification:_identify(install) by extension 'ignore'
[1.438s] Level 1:colcon.colcon_core.package_identification:_identify(install) ignored
[1.438s] Level 1:colcon.colcon_core.package_identification:_identify(log) by extensions ['ignore', 'ignore_ament_install']
[1.438s] Level 1:colcon.colcon_core.package_identification:_identify(log) by extension 'ignore'
[1.438s] Level 1:colcon.colcon_core.package_identification:_identify(log) ignored
[1.438s] Level 1:colcon.colcon_core.package_identification:_identify(src) by extensions ['ignore', 'ignore_ament_install']
[1.438s] Level 1:colcon.colcon_core.package_identification:_identify(src) by extension 'ignore'
[1.438s] Level 1:colcon.colcon_core.package_identification:_identify(src) by extension 'ignore_ament_install'
[1.439s] Level 1:colcon.colcon_core.package_identification:_identify(src) by extensions ['colcon_pkg']
[1.439s] Level 1:colcon.colcon_core.package_identification:_identify(src) by extension 'colcon_pkg'
[1.439s] Level 1:colcon.colcon_core.package_identification:_identify(src) by extensions ['colcon_meta']
[1.439s] Level 1:colcon.colcon_core.package_identification:_identify(src) by extension 'colcon_meta'
[1.439s] Level 1:colcon.colcon_core.package_identification:_identify(src) by extensions ['ros']
[1.439s] Level 1:colcon.colcon_core.package_identification:_identify(src) by extension 'ros'
[1.439s] Level 1:colcon.colcon_core.package_identification:_identify(src) by extensions ['cmake', 'python']
[1.439s] Level 1:colcon.colcon_core.package_identification:_identify(src) by extension 'cmake'
[1.439s] Level 1:colcon.colcon_core.package_identification:_identify(src) by extension 'python'
[1.439s] Level 1:colcon.colcon_core.package_identification:_identify(src) by extensions ['python_setup_py']
[1.439s] Level 1:colcon.colcon_core.package_identification:_identify(src) by extension 'python_setup_py'
[1.439s] Level 1:colcon.colcon_core.package_identification:_identify(src/results) by extensions ['ignore', 'ignore_ament_install']
[1.439s] Level 1:colcon.colcon_core.package_identification:_identify(src/results) by extension 'ignore'
[1.439s] Level 1:colcon.colcon_core.package_identification:_identify(src/results) by extension 'ignore_ament_install'
[1.439s] Level 1:colcon.colcon_core.package_identification:_identify(src/results) by extensions ['colcon_pkg']
[1.439s] Level 1:colcon.colcon_core.package_identification:_identify(src/results) by extension 'colcon_pkg'
[1.439s] Level 1:colcon.colcon_core.package_identification:_identify(src/results) by extensions ['colcon_meta']
[1.439s] Level 1:colcon.colcon_core.package_identification:_identify(src/results) by extension 'colcon_meta'
[1.439s] Level 1:colcon.colcon_core.package_identification:_identify(src/results) by extensions ['ros']
[1.439s] Level 1:colcon.colcon_core.package_identification:_identify(src/results) by extension 'ros'
[1.440s] Level 1:colcon.colcon_core.package_identification:_identify(src/results) by extensions ['cmake', 'python']
[1.440s] Level 1:colcon.colcon_core.package_identification:_identify(src/results) by extension 'cmake'
[1.440s] Level 1:colcon.colcon_core.package_identification:_identify(src/results) by extension 'python'
[1.440s] Level 1:colcon.colcon_core.package_identification:_identify(src/results) by extensions ['python_setup_py']
[1.440s] Level 1:colcon.colcon_core.package_identification:_identify(src/results) by extension 'python_setup_py'
[1.440s] Level 1:colcon.colcon_core.package_identification:_identify(src/servicios) by extensions ['ignore', 'ignore_ament_install']
[1.440s] Level 1:colcon.colcon_core.package_identification:_identify(src/servicios) by extension 'ignore'
[1.440s] Level 1:colcon.colcon_core.package_identification:_identify(src/servicios) by extension 'ignore_ament_install'
[1.440s] Level 1:colcon.colcon_core.package_identification:_identify(src/servicios) by extensions ['colcon_pkg']
[1.440s] Level 1:colcon.colcon_core.package_identification:_identify(src/servicios) by extension 'colcon_pkg'
[1.440s] Level 1:colcon.colcon_core.package_identification:_identify(src/servicios) by extensions ['colcon_meta']
[1.440s] Level 1:colcon.colcon_core.package_identification:_identify(src/servicios) by extension 'colcon_meta'
[1.440s] Level 1:colcon.colcon_core.package_identification:_identify(src/servicios) by extensions ['ros']
[1.440s] Level 1:colcon.colcon_core.package_identification:_identify(src/servicios) by extension 'ros'
[1.488s] DEBUG:colcon.colcon_core.package_identification:Package 'src/servicios' with type 'ros.ament_cmake' and name 'servicios'
[1.488s] Level 1:colcon.colcon_core.package_identification:_identify(src/turtle_bot_nodos) by extensions ['ignore', 'ignore_ament_install']
[1.488s] Level 1:colcon.colcon_core.package_identification:_identify(src/turtle_bot_nodos) by extension 'ignore'
[1.488s] Level 1:colcon.colcon_core.package_identification:_identify(src/turtle_bot_nodos) by extension 'ignore_ament_install'
[1.488s] Level 1:colcon.colcon_core.package_identification:_identify(src/turtle_bot_nodos) by extensions ['colcon_pkg']
[1.488s] Level 1:colcon.colcon_core.package_identification:_identify(src/turtle_bot_nodos) by extension 'colcon_pkg'
[1.488s] Level 1:colcon.colcon_core.package_identification:_identify(src/turtle_bot_nodos) by extensions ['colcon_meta']
[1.488s] Level 1:colcon.colcon_core.package_identification:_identify(src/turtle_bot_nodos) by extension 'colcon_meta'
[1.488s] Level 1:colcon.colcon_core.package_identification:_identify(src/turtle_bot_nodos) by extensions ['ros']
[1.488s] Level 1:colcon.colcon_core.package_identification:_identify(src/turtle_bot_nodos) by extension 'ros'
[1.512s] DEBUG:colcon.colcon_core.package_identification:Package 'src/turtle_bot_nodos' with type 'ros.ament_python' and name 'turtle_bot_nodos'
[1.512s] Level 1:colcon.colcon_core.package_discovery:discover_packages(recursive) using defaults
[1.512s] Level 1:colcon.colcon_core.package_discovery:discover_packages(ignore) discover
[1.512s] Level 1:colcon.colcon_core.package_discovery:discover_packages(ignore) using defaults
[1.512s] Level 1:colcon.colcon_core.package_discovery:discover_packages(path) discover
[1.512s] Level 1:colcon.colcon_core.package_discovery:discover_packages(path) using defaults
[1.588s] Level 1:colcon.colcon_core.package_discovery:discover_packages(prefix_path) check parameters
[1.588s] Level 1:colcon.colcon_core.package_discovery:discover_packages(prefix_path) discover
[1.592s] DEBUG:colcon.colcon_installed_package_information.package_discovery:Found 285 installed packages in /opt/ros/humble
[1.594s] Level 1:colcon.colcon_core.package_discovery:discover_packages(prefix_path) using defaults
[1.650s] Level 5:colcon.colcon_core.verb:set package 'servicios' build argument 'cmake_args' from command line to 'None'
[1.650s] Level 5:colcon.colcon_core.verb:set package 'servicios' build argument 'cmake_target' from command line to 'None'
[1.650s] Level 5:colcon.colcon_core.verb:set package 'servicios' build argument 'cmake_target_skip_unavailable' from command line to 'False'
[1.650s] Level 5:colcon.colcon_core.verb:set package 'servicios' build argument 'cmake_clean_cache' from command line to 'False'
[1.650s] Level 5:colcon.colcon_core.verb:set package 'servicios' build argument 'cmake_clean_first' from command line to 'False'
[1.650s] Level 5:colcon.colcon_core.verb:set package 'servicios' build argument 'cmake_force_configure' from command line to 'False'
[1.650s] Level 5:colcon.colcon_core.verb:set package 'servicios' build argument 'ament_cmake_args' from command line to 'None'
[1.650s] Level 5:colcon.colcon_core.verb:set package 'servicios' build argument 'catkin_cmake_args' from command line to 'None'
[1.650s] Level 5:colcon.colcon_core.verb:set package 'servicios' build argument 'catkin_skip_building_tests' from command line to 'False'
[1.650s] DEBUG:colcon.colcon_core.verb:Building package 'servicios' with the following arguments: {'ament_cmake_args': None, 'build_base': '/home/sergio/taller_2_grupo_11/build/servicios', 'catkin_cmake_args': None, 'catkin_skip_building_tests': False, 'cmake_args': None, 'cmake_clean_cache': False, 'cmake_clean_first': False, 'cmake_force_configure': False, 'cmake_target': None, 'cmake_target_skip_unavailable': False, 'install_base': '/home/sergio/taller_2_grupo_11/install/servicios', 'merge_install': False, 'path': '/home/sergio/taller_2_grupo_11/src/servicios', 'symlink_install': False, 'test_result_base': None}
[1.651s] Level 5:colcon.colcon_core.verb:set package 'turtle_bot_nodos' build argument 'cmake_args' from command line to 'None'
[1.651s] Level 5:colcon.colcon_core.verb:set package 'turtle_bot_nodos' build argument 'cmake_target' from command line to 'None'
[1.651s] Level 5:colcon.colcon_core.verb:set package 'turtle_bot_nodos' build argument 'cmake_target_skip_unavailable' from command line to 'False'
[1.651s] Level 5:colcon.colcon_core.verb:set package 'turtle_bot_nodos' build argument 'cmake_clean_cache' from command line to 'False'
[1.651s] Level 5:colcon.colcon_core.verb:set package 'turtle_bot_nodos' build argument 'cmake_clean_first' from command line to 'False'
[1.651s] Level 5:colcon.colcon_core.verb:set package 'turtle_bot_nodos' build argument 'cmake_force_configure' from command line to 'False'
[1.651s] Level 5:colcon.colcon_core.verb:set package 'turtle_bot_nodos' build argument 'ament_cmake_args' from command line to 'None'
[1.651s] Level 5:colcon.colcon_core.verb:set package 'turtle_bot_nodos' build argument 'catkin_cmake_args' from command line to 'None'
[1.651s] Level 5:colcon.colcon_core.verb:set package 'turtle_bot_nodos' build argument 'catkin_skip_building_tests' from command line to 'False'
[1.651s] DEBUG:colcon.colcon_core.verb:Building package 'turtle_bot_nodos' with the following arguments: {'ament_cmake_args': None, 'build_base': '/home/sergio/taller_2_grupo_11/build/turtle_bot_nodos', 'catkin_cmake_args': None, 'catkin_skip_building_tests': False, 'cmake_args': None, 'cmake_clean_cache': False, 'cmake_clean_first': False, 'cmake_force_configure': False, 'cmake_target': None, 'cmake_target_skip_unavailable': False, 'install_base': '/home/sergio/taller_2_grupo_11/install/turtle_bot_nodos', 'merge_install': False, 'path': '/home/sergio/taller_2_grupo_11/src/turtle_bot_nodos', 'symlink_install': False, 'test_result_base': None}
[1.652s] INFO:colcon.colcon_core.executor:Executing jobs using 'parallel' executor
[1.655s] DEBUG:colcon.colcon_parallel_executor.executor.parallel:run_until_complete
[1.655s] INFO:colcon.colcon_ros.task.ament_cmake.build:Building ROS package in '/home/sergio/taller_2_grupo_11/src/servicios' with build type 'ament_cmake'
[1.655s] INFO:colcon.colcon_cmake.task.cmake.build:Building CMake package in '/home/sergio/taller_2_grupo_11/src/servicios'
[1.660s] INFO:colcon.colcon_core.plugin_system:Skipping extension 'colcon_core.shell.bat': Not used on non-Windows systems
[1.660s] INFO:colcon.colcon_core.shell:Skip shell extension 'powershell' for command environment: Not usable outside of PowerShell
[1.661s] DEBUG:colcon.colcon_core.shell:Skip shell extension 'dsv' for command environment
[1.664s] INFO:colcon.colcon_ros.task.ament_python.build:Building ROS package in '/home/sergio/taller_2_grupo_11/src/turtle_bot_nodos' with build type 'ament_python'
[1.664s] Level 1:colcon.colcon_core.shell:create_environment_hook('turtle_bot_nodos', 'ament_prefix_path')
[1.665s] INFO:colcon.colcon_core.shell:Creating environment hook '/home/sergio/taller_2_grupo_11/install/turtle_bot_nodos/share/turtle_bot_nodos/hook/ament_prefix_path.ps1'
[1.666s] INFO:colcon.colcon_core.shell:Creating environment descriptor '/home/sergio/taller_2_grupo_11/install/turtle_bot_nodos/share/turtle_bot_nodos/hook/ament_prefix_path.dsv'
[1.667s] INFO:colcon.colcon_core.shell:Creating environment hook '/home/sergio/taller_2_grupo_11/install/turtle_bot_nodos/share/turtle_bot_nodos/hook/ament_prefix_path.sh'
[1.669s] INFO:colcon.colcon_core.shell:Skip shell extension 'powershell' for command environment: Not usable outside of PowerShell
[1.669s] DEBUG:colcon.colcon_core.shell:Skip shell extension 'dsv' for command environment
[1.766s] DEBUG:colcon.colcon_core.event_handler.log_command:Invoking command in '/home/sergio/taller_2_grupo_11/build/servicios': CMAKE_PREFIX_PATH=/opt/ros/humble COMP_WORDBREAKS=
"'><=;|&( /usr/bin/cmake --build /home/sergio/taller_2_grupo_11/build/servicios -- -j8 -l8
[2.226s] INFO:colcon.colcon_core.task.python.build:Building Python package in '/home/sergio/taller_2_grupo_11/src/turtle_bot_nodos'
[2.228s] INFO:colcon.colcon_core.shell:Skip shell extension 'powershell' for command environment: Not usable outside of PowerShell
[2.228s] DEBUG:colcon.colcon_core.shell:Skip shell extension 'dsv' for command environment
[5.279s] DEBUG:colcon.colcon_core.event_handler.log_command:Invoked command in '/home/sergio/taller_2_grupo_11/build/servicios' returned '0': CMAKE_PREFIX_PATH=/opt/ros/humble COMP_WORDBREAKS=
"'><=;|&( /usr/bin/cmake --build /home/sergio/taller_2_grupo_11/build/servicios -- -j8 -l8
[5.285s] DEBUG:colcon.colcon_core.event_handler.log_command:Invoking command in '/home/sergio/taller_2_grupo_11/src/turtle_bot_nodos': COMP_WORDBREAKS=
"'><=;|&( PYTHONPATH=/home/sergio/taller_2_grupo_11/build/turtle_bot_nodos/prefix_override:/home/sergio/taller_2_grupo_11/install/turtle_bot_nodos/lib/python3.10/site-packages:${PYTHONPATH} /usr/bin/python3 setup.py egg_info --egg-base ../../build/turtle_bot_nodos build --build-base /home/sergio/taller_2_grupo_11/build/turtle_bot_nodos/build install --record /home/sergio/taller_2_grupo_11/build/turtle_bot_nodos/install.log --single-version-externally-managed
[5.340s] DEBUG:colcon.colcon_core.event_handler.log_command:Invoking command in '/home/sergio/taller_2_grupo_11/build/servicios': CMAKE_PREFIX_PATH=/opt/ros/humble COMP_WORDBREAKS=
"'><=;|&( /usr/bin/cmake --install /home/sergio/taller_2_grupo_11/build/servicios
[5.620s] Level 1:colcon.colcon_core.environment:create_environment_scripts_only(servicios)
[5.622s] DEBUG:colcon.colcon_core.event_handler.log_command:Invoked command in '/home/sergio/taller_2_grupo_11/build/servicios' returned '0': CMAKE_PREFIX_PATH=/opt/ros/humble COMP_WORDBREAKS=
"'><=;|&( /usr/bin/cmake --install /home/sergio/taller_2_grupo_11/build/servicios
[5.712s] Level 1:colcon.colcon_core.environment:checking '/home/sergio/taller_2_grupo_11/install/servicios' for CMake module files
[5.714s] Level 1:colcon.colcon_core.environment:checking '/home/sergio/taller_2_grupo_11/install/servicios' for CMake config files
[5.714s] Level 1:colcon.colcon_core.shell:create_environment_hook('servicios', 'cmake_prefix_path')
[5.717s] INFO:colcon.colcon_core.shell:Creating environment hook '/home/sergio/taller_2_grupo_11/install/servicios/share/servicios/hook/cmake_prefix_path.ps1'
[5.718s] INFO:colcon.colcon_core.shell:Creating environment descriptor '/home/sergio/taller_2_grupo_11/install/servicios/share/servicios/hook/cmake_prefix_path.dsv'
[5.718s] INFO:colcon.colcon_core.shell:Creating environment hook '/home/sergio/taller_2_grupo_11/install/servicios/share/servicios/hook/cmake_prefix_path.sh'
[5.719s] Level 1:colcon.colcon_core.environment:checking '/home/sergio/taller_2_grupo_11/install/servicios/lib'
[5.720s] Level 1:colcon.colcon_core.shell:create_environment_hook('servicios', 'ld_library_path_lib')
[5.722s] INFO:colcon.colcon_core.shell:Creating environment hook '/home/sergio/taller_2_grupo_11/install/servicios/share/servicios/hook/ld_library_path_lib.ps1'
[5.722s] INFO:colcon.colcon_core.shell:Creating environment descriptor '/home/sergio/taller_2_grupo_11/install/servicios/share/servicios/hook/ld_library_path_lib.dsv'
[5.723s] INFO:colcon.colcon_core.shell:Creating environment hook '/home/sergio/taller_2_grupo_11/install/servicios/share/servicios/hook/ld_library_path_lib.sh'
[5.723s] Level 1:colcon.colcon_core.environment:checking '/home/sergio/taller_2_grupo_11/install/servicios/bin'
[5.723s] Level 1:colcon.colcon_core.environment:checking '/home/sergio/taller_2_grupo_11/install/servicios/lib/pkgconfig/servicios.pc'
[5.724s] Level 1:colcon.colcon_core.environment:checking '/home/sergio/taller_2_grupo_11/install/servicios/lib/python3.10/site-packages'
[5.724s] Level 1:colcon.colcon_core.environment:checking '/home/sergio/taller_2_grupo_11/install/servicios/bin'
[5.726s] INFO:colcon.colcon_core.shell:Creating package script '/home/sergio/taller_2_grupo_11/install/servicios/share/servicios/package.ps1'
[5.757s] INFO:colcon.colcon_core.shell:Creating package descriptor '/home/sergio/taller_2_grupo_11/install/servicios/share/servicios/package.dsv'
[5.758s] INFO:colcon.colcon_core.shell:Creating package script '/home/sergio/taller_2_grupo_11/install/servicios/share/servicios/package.sh'
[5.760s] INFO:colcon.colcon_core.shell:Creating package script '/home/sergio/taller_2_grupo_11/install/servicios/share/servicios/package.bash'
[5.781s] INFO:colcon.colcon_core.shell:Creating package script '/home/sergio/taller_2_grupo_11/install/servicios/share/servicios/package.zsh'
[5.795s] Level 1:colcon.colcon_core.environment:create_file_with_runtime_dependencies(/home/sergio/taller_2_grupo_11/install/servicios/share/colcon-core/packages/servicios)
[5.849s] Level 1:colcon.colcon_core.environment:create_environment_scripts_only(servicios)
[5.851s] Level 1:colcon.colcon_core.environment:checking '/home/sergio/taller_2_grupo_11/install/servicios' for CMake module files
[5.851s] Level 1:colcon.colcon_core.environment:checking '/home/sergio/taller_2_grupo_11/install/servicios' for CMake config files
[5.852s] Level 1:colcon.colcon_core.shell:create_environment_hook('servicios', 'cmake_prefix_path')
[5.853s] INFO:colcon.colcon_core.shell:Creating environment hook '/home/sergio/taller_2_grupo_11/install/servicios/share/servicios/hook/cmake_prefix_path.ps1'
[5.853s] INFO:colcon.colcon_core.shell:Creating environment descriptor '/home/sergio/taller_2_grupo_11/install/servicios/share/servicios/hook/cmake_prefix_path.dsv'
[5.853s] INFO:colcon.colcon_core.shell:Creating environment hook '/home/sergio/taller_2_grupo_11/install/servicios/share/servicios/hook/cmake_prefix_path.sh'
[5.854s] Level 1:colcon.colcon_core.environment:checking '/home/sergio/taller_2_grupo_11/install/servicios/lib'
[5.854s] Level 1:colcon.colcon_core.shell:create_environment_hook('servicios', 'ld_library_path_lib')
[5.855s] INFO:colcon.colcon_core.shell:Creating environment hook '/home/sergio/taller_2_grupo_11/install/servicios/share/servicios/hook/ld_library_path_lib.ps1'
[5.856s] INFO:colcon.colcon_core.shell:Creating environment descriptor '/home/sergio/taller_2_grupo_11/install/servicios/share/servicios/hook/ld_library_path_lib.dsv'
[5.856s] INFO:colcon.colcon_core.shell:Creating environment hook '/home/sergio/taller_2_grupo_11/install/servicios/share/servicios/hook/ld_library_path_lib.sh'
[5.856s] Level 1:colcon.colcon_core.environment:checking '/home/sergio/taller_2_grupo_11/install/servicios/bin'
[5.856s] Level 1:colcon.colcon_core.environment:checking '/home/sergio/taller_2_grupo_11/install/servicios/lib/pkgconfig/servicios.pc'
[5.857s] Level 1:colcon.colcon_core.environment:checking '/home/sergio/taller_2_grupo_11/install/servicios/lib/python3.10/site-packages'
[5.857s] Level 1:colcon.colcon_core.environment:checking '/home/sergio/taller_2_grupo_11/install/servicios/bin'
[5.858s] INFO:colcon.colcon_core.shell:Creating package script '/home/sergio/taller_2_grupo_11/install/servicios/share/servicios/package.ps1'
[5.859s] INFO:colcon.colcon_core.shell:Creating package descriptor '/home/sergio/taller_2_grupo_11/install/servicios/share/servicios/package.dsv'
[5.859s] INFO:colcon.colcon_core.shell:Creating package script '/home/sergio/taller_2_grupo_11/install/servicios/share/servicios/package.sh'
[5.859s] INFO:colcon.colcon_core.shell:Creating package script '/home/sergio/taller_2_grupo_11/install/servicios/share/servicios/package.bash'
[5.860s] INFO:colcon.colcon_core.shell:Creating package script '/home/sergio/taller_2_grupo_11/install/servicios/share/servicios/package.zsh'
[5.860s] Level 1:colcon.colcon_core.environment:create_file_with_runtime_dependencies(/home/sergio/taller_2_grupo_11/install/servicios/share/colcon-core/packages/servicios)
[5.928s] Level 1:colcon.colcon_core.environment:checking '/home/sergio/taller_2_grupo_11/install/turtle_bot_nodos' for CMake module files
[5.929s] DEBUG:colcon.colcon_core.event_handler.log_command:Invoked command in '/home/sergio/taller_2_grupo_11/src/turtle_bot_nodos' returned '0': COMP_WORDBREAKS=
"'><=;|&( PYTHONPATH=/home/sergio/taller_2_grupo_11/build/turtle_bot_nodos/prefix_override:/home/sergio/taller_2_grupo_11/install/turtle_bot_nodos/lib/python3.10/site-packages:${PYTHONPATH} /usr/bin/python3 setup.py egg_info --egg-base ../../build/turtle_bot_nodos build --build-base /home/sergio/taller_2_grupo_11/build/turtle_bot_nodos/build install --record /home/sergio/taller_2_grupo_11/build/turtle_bot_nodos/install.log --single-version-externally-managed
[5.929s] Level 1:colcon.colcon_core.environment:checking '/home/sergio/taller_2_grupo_11/install/turtle_bot_nodos' for CMake config files
[5.930s] Level 1:colcon.colcon_core.environment:checking '/home/sergio/taller_2_grupo_11/install/turtle_bot_nodos/lib'
[5.930s] Level 1:colcon.colcon_core.environment:checking '/home/sergio/taller_2_grupo_11/install/turtle_bot_nodos/bin'
[5.930s] Level 1:colcon.colcon_core.environment:checking '/home/sergio/taller_2_grupo_11/install/turtle_bot_nodos/lib/pkgconfig/turtle_bot_nodos.pc'
[5.930s] Level 1:colcon.colcon_core.environment:checking '/home/sergio/taller_2_grupo_11/install/turtle_bot_nodos/lib/python3.10/site-packages'
[5.930s] Level 1:colcon.colcon_core.shell:create_environment_hook('turtle_bot_nodos', 'pythonpath')
[5.931s] INFO:colcon.colcon_core.shell:Creating environment hook '/home/sergio/taller_2_grupo_11/install/turtle_bot_nodos/share/turtle_bot_nodos/hook/pythonpath.ps1'
[5.932s] INFO:colcon.colcon_core.shell:Creating environment descriptor '/home/sergio/taller_2_grupo_11/install/turtle_bot_nodos/share/turtle_bot_nodos/hook/pythonpath.dsv'
[5.932s] INFO:colcon.colcon_core.shell:Creating environment hook '/home/sergio/taller_2_grupo_11/install/turtle_bot_nodos/share/turtle_bot_nodos/hook/pythonpath.sh'
[5.933s] Level 1:colcon.colcon_core.environment:checking '/home/sergio/taller_2_grupo_11/install/turtle_bot_nodos/bin'
[5.933s] Level 1:colcon.colcon_core.environment:create_environment_scripts_only(turtle_bot_nodos)
[5.935s] INFO:colcon.colcon_core.shell:Creating package script '/home/sergio/taller_2_grupo_11/install/turtle_bot_nodos/share/turtle_bot_nodos/package.ps1'
[5.935s] INFO:colcon.colcon_core.shell:Creating package descriptor '/home/sergio/taller_2_grupo_11/install/turtle_bot_nodos/share/turtle_bot_nodos/package.dsv'
[5.936s] INFO:colcon.colcon_core.shell:Creating package script '/home/sergio/taller_2_grupo_11/install/turtle_bot_nodos/share/turtle_bot_nodos/package.sh'
[5.936s] INFO:colcon.colcon_core.shell:Creating package script '/home/sergio/taller_2_grupo_11/install/turtle_bot_nodos/share/turtle_bot_nodos/package.bash'
[5.937s] INFO:colcon.colcon_core.shell:Creating package script '/home/sergio/taller_2_grupo_11/install/turtle_bot_nodos/share/turtle_bot_nodos/package.zsh'
[5.937s] Level 1:colcon.colcon_core.environment:create_file_with_runtime_dependencies(/home/sergio/taller_2_grupo_11/install/turtle_bot_nodos/share/colcon-core/packages/turtle_bot_nodos)
[5.938s] DEBUG:colcon.colcon_parallel_executor.executor.parallel:closing loop
[5.938s] DEBUG:colcon.colcon_parallel_executor.executor.parallel:loop closed
[5.938s] DEBUG:colcon.colcon_parallel_executor.executor.parallel:run_until_complete finished with '0'
[5.938s] DEBUG:colcon.colcon_core.event_reactor:joining thread
[5.945s] INFO:colcon.colcon_core.plugin_system:Skipping extension 'colcon_notification.desktop_notification.terminal_notifier': Not used on non-Darwin systems
[5.945s] INFO:colcon.colcon_core.plugin_system:Skipping extension 'colcon_notification.desktop_notification.win32': Not used on non-Windows systems
[5.945s] INFO:colcon.colcon_notification.desktop_notification:Sending desktop notification using 'notify2'
[5.958s] DEBUG:colcon.colcon_core.event_reactor:joined thread
[5.959s] INFO:colcon.colcon_core.shell:Creating prefix script '/home/sergio/taller_2_grupo_11/install/local_setup.ps1'
[5.960s] INFO:colcon.colcon_core.shell:Creating prefix util module '/home/sergio/taller_2_grupo_11/install/_local_setup_util_ps1.py'
[5.962s] INFO:colcon.colcon_core.shell:Creating prefix chain script '/home/sergio/taller_2_grupo_11/install/setup.ps1'
[5.963s] INFO:colcon.colcon_core.shell:Creating prefix script '/home/sergio/taller_2_grupo_11/install/local_setup.sh'
[5.964s] INFO:colcon.colcon_core.shell:Creating prefix util module '/home/sergio/taller_2_grupo_11/install/_local_setup_util_sh.py'
[5.965s] INFO:colcon.colcon_core.shell:Creating prefix chain script '/home/sergio/taller_2_grupo_11/install/setup.sh'
[5.966s] INFO:colcon.colcon_core.shell:Creating prefix script '/home/sergio/taller_2_grupo_11/install/local_setup.bash'
[5.967s] INFO:colcon.colcon_core.shell:Creating prefix chain script '/home/sergio/taller_2_grupo_11/install/setup.bash'
[5.968s] INFO:colcon.colcon_core.shell:Creating prefix script '/home/sergio/taller_2_grupo_11/install/local_setup.zsh'
[5.969s] INFO:colcon.colcon_core.shell:Creating prefix chain script '/home/sergio/taller_2_grupo_11/install/setup.zsh'
