[1.782s] Invoking command in '/home/sergio/taller_2_grupo_11/src/turtle_bot_nodos': COMP_WORDBREAKS=
"'><=;|&( PYTHONPATH=/home/sergio/taller_2_grupo_11/build/turtle_bot_nodos/prefix_override:/home/sergio/taller_2_grupo_11/install/turtle_bot_nodos/lib/python3.10/site-packages:${PYTHONPATH} /usr/bin/python3 setup.py egg_info --egg-base ../../build/turtle_bot_nodos build --build-base /home/sergio/taller_2_grupo_11/build/turtle_bot_nodos/build install --record /home/sergio/taller_2_grupo_11/build/turtle_bot_nodos/install.log --single-version-externally-managed
[2.014s] running egg_info
[2.030s] writing ../../build/turtle_bot_nodos/turtle_bot_nodos.egg-info/PKG-INFO
[2.030s] writing dependency_links to ../../build/turtle_bot_nodos/turtle_bot_nodos.egg-info/dependency_links.txt
[2.031s] writing entry points to ../../build/turtle_bot_nodos/turtle_bot_nodos.egg-info/entry_points.txt
[2.031s] writing requirements to ../../build/turtle_bot_nodos/turtle_bot_nodos.egg-info/requires.txt
[2.031s] writing top-level names to ../../build/turtle_bot_nodos/turtle_bot_nodos.egg-info/top_level.txt
[2.067s] reading manifest file '../../build/turtle_bot_nodos/turtle_bot_nodos.egg-info/SOURCES.txt'
[2.105s] writing manifest file '../../build/turtle_bot_nodos/turtle_bot_nodos.egg-info/SOURCES.txt'
[2.108s] running build
[2.108s] running build_py
[2.109s] copying turtle_bot_nodos/a.py -> /home/sergio/taller_2_grupo_11/build/turtle_bot_nodos/build/lib/turtle_bot_nodos
[2.109s] copying turtle_bot_nodos/robot_hearer.py -> /home/sergio/taller_2_grupo_11/build/turtle_bot_nodos/build/lib/turtle_bot_nodos
[2.110s] running install
[2.126s] /home/sergio/.local/lib/python3.10/site-packages/setuptools/command/install.py:34: SetuptoolsDeprecationWarning: setup.py install is deprecated. Use build and pip and other standards-based tools.
[2.126s]   warnings.warn(
[2.133s] running install_lib
[2.155s] copying /home/sergio/taller_2_grupo_11/build/turtle_bot_nodos/build/lib/turtle_bot_nodos/a.py -> /home/sergio/taller_2_grupo_11/install/turtle_bot_nodos/lib/python3.10/site-packages/turtle_bot_nodos
[2.155s] copying /home/sergio/taller_2_grupo_11/build/turtle_bot_nodos/build/lib/turtle_bot_nodos/robot_hearer.py -> /home/sergio/taller_2_grupo_11/install/turtle_bot_nodos/lib/python3.10/site-packages/turtle_bot_nodos
[2.157s] byte-compiling /home/sergio/taller_2_grupo_11/install/turtle_bot_nodos/lib/python3.10/site-packages/turtle_bot_nodos/a.py to a.cpython-310.pyc
[2.158s] byte-compiling /home/sergio/taller_2_grupo_11/install/turtle_bot_nodos/lib/python3.10/site-packages/turtle_bot_nodos/robot_hearer.py to robot_hearer.cpython-310.pyc
[2.158s] running install_data
[2.178s] running install_egg_info
[2.200s] removing '/home/sergio/taller_2_grupo_11/install/turtle_bot_nodos/lib/python3.10/site-packages/turtle_bot_nodos-0.0.0-py3.10.egg-info' (and everything under it)
[2.200s] Copying ../../build/turtle_bot_nodos/turtle_bot_nodos.egg-info to /home/sergio/taller_2_grupo_11/install/turtle_bot_nodos/lib/python3.10/site-packages/turtle_bot_nodos-0.0.0-py3.10.egg-info
[2.236s] running install_scripts
[2.435s] Installing turtle_bot_interface script to /home/sergio/taller_2_grupo_11/install/turtle_bot_nodos/lib/turtle_bot_nodos
[2.435s] Installing turtle_bot_player script to /home/sergio/taller_2_grupo_11/install/turtle_bot_nodos/lib/turtle_bot_nodos
[2.436s] Installing turtle_bot_position script to /home/sergio/taller_2_grupo_11/install/turtle_bot_nodos/lib/turtle_bot_nodos
[2.436s] Installing turtle_bot_save_route script to /home/sergio/taller_2_grupo_11/install/turtle_bot_nodos/lib/turtle_bot_nodos
[2.436s] Installing turtle_bot_teleop_ script to /home/sergio/taller_2_grupo_11/install/turtle_bot_nodos/lib/turtle_bot_nodos
[2.436s] writing list of installed files to '/home/sergio/taller_2_grupo_11/build/turtle_bot_nodos/install.log'
[2.470s] Invoked command in '/home/sergio/taller_2_grupo_11/src/turtle_bot_nodos' returned '0': COMP_WORDBREAKS=
"'><=;|&( PYTHONPATH=/home/sergio/taller_2_grupo_11/build/turtle_bot_nodos/prefix_override:/home/sergio/taller_2_grupo_11/install/turtle_bot_nodos/lib/python3.10/site-packages:${PYTHONPATH} /usr/bin/python3 setup.py egg_info --egg-base ../../build/turtle_bot_nodos build --build-base /home/sergio/taller_2_grupo_11/build/turtle_bot_nodos/build install --record /home/sergio/taller_2_grupo_11/build/turtle_bot_nodos/install.log --single-version-externally-managed
